<?xml version="1.0" encoding="UTF-8"?>
<!-- Generated by org.testng.reporters.JUnitReportReporter -->
<testsuite skipped="0" hostname="localhost.localdomain" name="model.OrderTest" tests="2" failures="0" timestamp="12 Mar 2018 20:41:57 GMT" time="0.038" errors="0">
  <testcase name="testOrderObject" time="0.003" classname="model.OrderTest"/>
  <testcase name="testGetInstanceWithDate" time="0.035" classname="model.OrderTest"/>
</testsuite> <!-- model.OrderTest -->
