<?xml version="1.0" encoding="UTF-8"?>
<!-- Generated by org.testng.reporters.JUnitReportReporter -->
<testsuite skipped="0" hostname="LAPTOP-7BPDQA76" name="model.OrderTest" tests="2" failures="0" timestamp="07 Mar 2018 20:32:49 GMT" time="0.027" errors="0">
  <testcase name="testOrderObject" time="0.000" classname="model.OrderTest"/>
  <testcase name="testGetInstanceWithDate" time="0.027" classname="model.OrderTest"/>
</testsuite> <!-- model.OrderTest -->
