<?xml version="1.0" encoding="UTF-8"?>
<!-- Generated by org.testng.reporters.JUnitReportReporter -->
<testsuite skipped="0" hostname="LAPTOP-7BPDQA76" name="model.OrderTest" tests="2" failures="0" timestamp="19 Mar 2018 14:36:13 GMT" time="0.032" errors="0">
  <testcase name="testGetInstanceWithDate" time="0.030" classname="model.OrderTest"/>
  <testcase name="testOrderObject" time="0.002" classname="model.OrderTest"/>
</testsuite> <!-- model.OrderTest -->
